<?xml version="1.0" encoding="UTF-8"?>
<testng-results ignored="0" total="1" passed="1" failed="0" skipped="0">
  <reporter-output>
  </reporter-output>
  <suite started-at="2024-09-02T20:09:31 IST" name="Default suite" finished-at="2024-09-02T20:09:40 IST" duration-ms="9592">
    <groups>
    </groups>
    <test started-at="2024-09-02T20:09:31 IST" name="Default test" finished-at="2024-09-02T20:09:40 IST" duration-ms="9592">
      <class name="com.openCart2.testCases.TC_LoginTest_001">
        <test-method is-config="true" signature="setup()[pri:0, instance:com.openCart2.testCases.TC_LoginTest_001@3e27ba32]" started-at="2024-09-02T20:09:31 IST" name="setup" finished-at="2024-09-02T20:09:37 IST" duration-ms="6409" status="PASS">
          <reporter-output>
          </reporter-output>
        </test-method> <!-- setup -->
        <test-method signature="loginTest()[pri:0, instance:com.openCart2.testCases.TC_LoginTest_001@3e27ba32]" started-at="2024-09-02T20:09:37 IST" name="loginTest" finished-at="2024-09-02T20:09:40 IST" duration-ms="2519" status="PASS">
          <reporter-output>
          </reporter-output>
        </test-method> <!-- loginTest -->
        <test-method is-config="true" signature="tearDown()[pri:0, instance:com.openCart2.testCases.TC_LoginTest_001@3e27ba32]" started-at="2024-09-02T20:09:40 IST" name="tearDown" finished-at="2024-09-02T20:09:40 IST" duration-ms="535" status="PASS">
          <reporter-output>
          </reporter-output>
        </test-method> <!-- tearDown -->
      </class> <!-- com.openCart2.testCases.TC_LoginTest_001 -->
    </test> <!-- Default test -->
  </suite> <!-- Default suite -->
</testng-results>
