<?xml version="1.0" encoding="UTF-8"?>
<testng-results ignored="0" total="6" passed="6" failed="0" skipped="0">
  <reporter-output>
  </reporter-output>
  <suite started-at="2025-02-17T20:09:34 IST" name="parallelTesting" finished-at="2025-02-17T20:10:22 IST" duration-ms="47383">
    <groups>
      <group name="Master">
        <method signature="TC_RegistratinTest_003.registrationTest()[pri:1, instance:com.openCart2.testCases.TC_RegistratinTest_003@3b69e7d1]" name="registrationTest" class="com.openCart2.testCases.TC_RegistratinTest_003"/>
        <method signature="TC_LoginTest_001.loginTest()[pri:2, instance:com.openCart2.testCases.TC_LoginTest_001@7e6f74c]" name="loginTest" class="com.openCart2.testCases.TC_LoginTest_001"/>
        <method signature="TC_RegistratinTest_003.registrationTest()[pri:1, instance:com.openCart2.testCases.TC_RegistratinTest_003@b2c9a9c]" name="registrationTest" class="com.openCart2.testCases.TC_RegistratinTest_003"/>
        <method signature="TC_LoginTest_001.loginTest()[pri:2, instance:com.openCart2.testCases.TC_LoginTest_001@4c178a76]" name="loginTest" class="com.openCart2.testCases.TC_LoginTest_001"/>
        <method signature="TC_RegistratinTest_003.registrationTest()[pri:1, instance:com.openCart2.testCases.TC_RegistratinTest_003@3bd82cf5]" name="registrationTest" class="com.openCart2.testCases.TC_RegistratinTest_003"/>
        <method signature="TC_LoginTest_001.loginTest()[pri:2, instance:com.openCart2.testCases.TC_LoginTest_001@544fa968]" name="loginTest" class="com.openCart2.testCases.TC_LoginTest_001"/>
      </group> <!-- Master -->
      <group name="Sanity">
        <method signature="TC_RegistratinTest_003.registrationTest()[pri:1, instance:com.openCart2.testCases.TC_RegistratinTest_003@3b69e7d1]" name="registrationTest" class="com.openCart2.testCases.TC_RegistratinTest_003"/>
        <method signature="TC_LoginTest_001.loginTest()[pri:2, instance:com.openCart2.testCases.TC_LoginTest_001@7e6f74c]" name="loginTest" class="com.openCart2.testCases.TC_LoginTest_001"/>
        <method signature="TC_RegistratinTest_003.registrationTest()[pri:1, instance:com.openCart2.testCases.TC_RegistratinTest_003@b2c9a9c]" name="registrationTest" class="com.openCart2.testCases.TC_RegistratinTest_003"/>
        <method signature="TC_LoginTest_001.loginTest()[pri:2, instance:com.openCart2.testCases.TC_LoginTest_001@4c178a76]" name="loginTest" class="com.openCart2.testCases.TC_LoginTest_001"/>
        <method signature="TC_RegistratinTest_003.registrationTest()[pri:1, instance:com.openCart2.testCases.TC_RegistratinTest_003@3bd82cf5]" name="registrationTest" class="com.openCart2.testCases.TC_RegistratinTest_003"/>
        <method signature="TC_LoginTest_001.loginTest()[pri:2, instance:com.openCart2.testCases.TC_LoginTest_001@544fa968]" name="loginTest" class="com.openCart2.testCases.TC_LoginTest_001"/>
      </group> <!-- Sanity -->
      <group name="Regression">
        <method signature="TC_RegistratinTest_003.registrationTest()[pri:1, instance:com.openCart2.testCases.TC_RegistratinTest_003@3b69e7d1]" name="registrationTest" class="com.openCart2.testCases.TC_RegistratinTest_003"/>
        <method signature="TC_RegistratinTest_003.registrationTest()[pri:1, instance:com.openCart2.testCases.TC_RegistratinTest_003@b2c9a9c]" name="registrationTest" class="com.openCart2.testCases.TC_RegistratinTest_003"/>
        <method signature="TC_RegistratinTest_003.registrationTest()[pri:1, instance:com.openCart2.testCases.TC_RegistratinTest_003@3bd82cf5]" name="registrationTest" class="com.openCart2.testCases.TC_RegistratinTest_003"/>
      </group> <!-- Regression -->
    </groups>
    <test started-at="2025-02-17T20:09:34 IST" name="chrometest" finished-at="2025-02-17T20:10:14 IST" duration-ms="39306">
      <class name="com.openCart2.testCases.TC_LoginTest_001">
        <test-method is-config="true" signature="setup(java.lang.String,java.lang.String)[pri:0, instance:com.openCart2.testCases.TC_LoginTest_001@7e6f74c]" started-at="2025-02-17T20:09:57 IST" name="setup" finished-at="2025-02-17T20:10:03 IST" duration-ms="5667" status="PASS">
          <params>
            <param index="0">
              <value>
                <![CDATA[windows]]>
              </value>
            </param>
            <param index="1">
              <value>
                <![CDATA[chrome]]>
              </value>
            </param>
          </params>
          <reporter-output>
          </reporter-output>
        </test-method> <!-- setup -->
        <test-method signature="loginTest()[pri:2, instance:com.openCart2.testCases.TC_LoginTest_001@7e6f74c]" started-at="2025-02-17T20:10:03 IST" name="loginTest" finished-at="2025-02-17T20:10:12 IST" duration-ms="9403" status="PASS">
          <reporter-output>
          </reporter-output>
        </test-method> <!-- loginTest -->
        <test-method is-config="true" signature="tearDown()[pri:0, instance:com.openCart2.testCases.TC_LoginTest_001@7e6f74c]" started-at="2025-02-17T20:10:12 IST" name="tearDown" finished-at="2025-02-17T20:10:14 IST" duration-ms="1095" status="PASS">
          <reporter-output>
          </reporter-output>
        </test-method> <!-- tearDown -->
      </class> <!-- com.openCart2.testCases.TC_LoginTest_001 -->
      <class name="com.openCart2.testCases.TC_RegistratinTest_003">
        <test-method is-config="true" signature="setup(java.lang.String,java.lang.String)[pri:0, instance:com.openCart2.testCases.TC_RegistratinTest_003@3b69e7d1]" started-at="2025-02-17T20:09:34 IST" name="setup" finished-at="2025-02-17T20:09:41 IST" duration-ms="6410" status="PASS">
          <params>
            <param index="0">
              <value>
                <![CDATA[windows]]>
              </value>
            </param>
            <param index="1">
              <value>
                <![CDATA[chrome]]>
              </value>
            </param>
          </params>
          <reporter-output>
          </reporter-output>
        </test-method> <!-- setup -->
        <test-method signature="registrationTest()[pri:1, instance:com.openCart2.testCases.TC_RegistratinTest_003@3b69e7d1]" started-at="2025-02-17T20:09:41 IST" name="registrationTest" finished-at="2025-02-17T20:09:56 IST" duration-ms="15326" status="PASS">
          <reporter-output>
          </reporter-output>
        </test-method> <!-- registrationTest -->
        <test-method is-config="true" signature="tearDown()[pri:0, instance:com.openCart2.testCases.TC_RegistratinTest_003@3b69e7d1]" started-at="2025-02-17T20:09:56 IST" name="tearDown" finished-at="2025-02-17T20:09:57 IST" duration-ms="1265" status="PASS">
          <reporter-output>
          </reporter-output>
        </test-method> <!-- tearDown -->
      </class> <!-- com.openCart2.testCases.TC_RegistratinTest_003 -->
    </test> <!-- chrometest -->
    <test started-at="2025-02-17T20:09:34 IST" name="edgetest" finished-at="2025-02-17T20:10:14 IST" duration-ms="40197">
      <class name="com.openCart2.testCases.TC_LoginTest_001">
        <test-method is-config="true" signature="setup(java.lang.String,java.lang.String)[pri:0, instance:com.openCart2.testCases.TC_LoginTest_001@4c178a76]" started-at="2025-02-17T20:09:58 IST" name="setup" finished-at="2025-02-17T20:10:08 IST" duration-ms="10338" status="PASS">
          <params>
            <param index="0">
              <value>
                <![CDATA[windows]]>
              </value>
            </param>
            <param index="1">
              <value>
                <![CDATA[edge]]>
              </value>
            </param>
          </params>
          <reporter-output>
          </reporter-output>
        </test-method> <!-- setup -->
        <test-method signature="loginTest()[pri:2, instance:com.openCart2.testCases.TC_LoginTest_001@4c178a76]" started-at="2025-02-17T20:10:08 IST" name="loginTest" finished-at="2025-02-17T20:10:12 IST" duration-ms="4065" status="PASS">
          <reporter-output>
          </reporter-output>
        </test-method> <!-- loginTest -->
        <test-method is-config="true" signature="tearDown()[pri:0, instance:com.openCart2.testCases.TC_LoginTest_001@4c178a76]" started-at="2025-02-17T20:10:12 IST" name="tearDown" finished-at="2025-02-17T20:10:14 IST" duration-ms="1972" status="PASS">
          <reporter-output>
          </reporter-output>
        </test-method> <!-- tearDown -->
      </class> <!-- com.openCart2.testCases.TC_LoginTest_001 -->
      <class name="com.openCart2.testCases.TC_RegistratinTest_003">
        <test-method is-config="true" signature="setup(java.lang.String,java.lang.String)[pri:0, instance:com.openCart2.testCases.TC_RegistratinTest_003@b2c9a9c]" started-at="2025-02-17T20:09:34 IST" name="setup" finished-at="2025-02-17T20:09:46 IST" duration-ms="12053" status="PASS">
          <params>
            <param index="0">
              <value>
                <![CDATA[windows]]>
              </value>
            </param>
            <param index="1">
              <value>
                <![CDATA[edge]]>
              </value>
            </param>
          </params>
          <reporter-output>
          </reporter-output>
        </test-method> <!-- setup -->
        <test-method signature="registrationTest()[pri:1, instance:com.openCart2.testCases.TC_RegistratinTest_003@b2c9a9c]" started-at="2025-02-17T20:09:46 IST" name="registrationTest" finished-at="2025-02-17T20:09:53 IST" duration-ms="6561" status="PASS">
          <reporter-output>
          </reporter-output>
        </test-method> <!-- registrationTest -->
        <test-method is-config="true" signature="tearDown()[pri:0, instance:com.openCart2.testCases.TC_RegistratinTest_003@b2c9a9c]" started-at="2025-02-17T20:09:53 IST" name="tearDown" finished-at="2025-02-17T20:09:58 IST" duration-ms="5124" status="PASS">
          <reporter-output>
          </reporter-output>
        </test-method> <!-- tearDown -->
      </class> <!-- com.openCart2.testCases.TC_RegistratinTest_003 -->
    </test> <!-- edgetest -->
    <test started-at="2025-02-17T20:09:34 IST" name="firefoxtest" finished-at="2025-02-17T20:10:22 IST" duration-ms="47383">
      <class name="com.openCart2.testCases.TC_LoginTest_001">
        <test-method is-config="true" signature="setup(java.lang.String,java.lang.String)[pri:0, instance:com.openCart2.testCases.TC_LoginTest_001@544fa968]" started-at="2025-02-17T20:10:01 IST" name="setup" finished-at="2025-02-17T20:10:17 IST" duration-ms="16210" status="PASS">
          <params>
            <param index="0">
              <value>
                <![CDATA[windows]]>
              </value>
            </param>
            <param index="1">
              <value>
                <![CDATA[firefox]]>
              </value>
            </param>
          </params>
          <reporter-output>
          </reporter-output>
        </test-method> <!-- setup -->
        <test-method signature="loginTest()[pri:2, instance:com.openCart2.testCases.TC_LoginTest_001@544fa968]" started-at="2025-02-17T20:10:17 IST" name="loginTest" finished-at="2025-02-17T20:10:20 IST" duration-ms="2586" status="PASS">
          <reporter-output>
          </reporter-output>
        </test-method> <!-- loginTest -->
        <test-method is-config="true" signature="tearDown()[pri:0, instance:com.openCart2.testCases.TC_LoginTest_001@544fa968]" started-at="2025-02-17T20:10:20 IST" name="tearDown" finished-at="2025-02-17T20:10:22 IST" duration-ms="1826" status="PASS">
          <reporter-output>
          </reporter-output>
        </test-method> <!-- tearDown -->
      </class> <!-- com.openCart2.testCases.TC_LoginTest_001 -->
      <class name="com.openCart2.testCases.TC_RegistratinTest_003">
        <test-method is-config="true" signature="setup(java.lang.String,java.lang.String)[pri:0, instance:com.openCart2.testCases.TC_RegistratinTest_003@3bd82cf5]" started-at="2025-02-17T20:09:34 IST" name="setup" finished-at="2025-02-17T20:09:53 IST" duration-ms="18642" status="PASS">
          <params>
            <param index="0">
              <value>
                <![CDATA[windows]]>
              </value>
            </param>
            <param index="1">
              <value>
                <![CDATA[firefox]]>
              </value>
            </param>
          </params>
          <reporter-output>
          </reporter-output>
        </test-method> <!-- setup -->
        <test-method signature="registrationTest()[pri:1, instance:com.openCart2.testCases.TC_RegistratinTest_003@3bd82cf5]" started-at="2025-02-17T20:09:53 IST" name="registrationTest" finished-at="2025-02-17T20:09:57 IST" duration-ms="4238" status="PASS">
          <reporter-output>
          </reporter-output>
        </test-method> <!-- registrationTest -->
        <test-method is-config="true" signature="tearDown()[pri:0, instance:com.openCart2.testCases.TC_RegistratinTest_003@3bd82cf5]" started-at="2025-02-17T20:09:57 IST" name="tearDown" finished-at="2025-02-17T20:10:01 IST" duration-ms="3815" status="PASS">
          <reporter-output>
          </reporter-output>
        </test-method> <!-- tearDown -->
      </class> <!-- com.openCart2.testCases.TC_RegistratinTest_003 -->
    </test> <!-- firefoxtest -->
  </suite> <!-- parallelTesting -->
</testng-results>
